Started
Connecting to https://api.github.com with no credentials, anonymous access
Looking up [8mha:AAAApR+LCAAAAAAAAP9b85aBtbiIQSajNKU4P08vOT+vOD8nVc+jsiC1KCczL9svvyTVzHb1RttJBUeZGJg8GdhyUvPSSzJ8GJhLi3JKGIR8shLLEvVzEvPS9YNLijLz0q0rihik0IxzhtAgwxgggJGJgaGiAMgQKmFQzSgpKSi20tdPzyzJKE0C6srVT87JL01JSk0tKtYPCNJNSc3NBwCLa6qIqgAAAA==[0mcloudbeers/PR-demo

  Getting remote branches...

    Checking branch [8mha:AAAArx+LCAAAAAAAAP9djLENwjAQRY8gMgAlYgVyoqEApaIBKUIIJnCSkx1wbMs+o7AGa0DDEIzDDgTR8Zr/mv8ebxgFD1MV62BNVlkTrKZsc3XkdWPOO8u0yO/P/OZeCSRbSDUZyaqAYfSaYVycxEWgFkbikX1j5KrzMPnLrX/7jcGPQQLQuV5ShrlidmGJKBtWsexfLVbaxrok8gH3h1lNrUX2RNiKwOQ/0DCGdLYAAAA=[0mmaster
      ‘Jenkinsfile’ exists in this branch
    Met criteria
Scheduled build for branch: master

    Checking branch [8mha:AAAAsR+LCAAAAAAAAP9djL0NwjAQRo8goKdErEAsUVCAUtGAFCEEE+TnZIc4tjmfUViDNaBhCMZhB4LoeM33mu893jDwBFMVSm9NXFjjrcZ4c3VIujL1zjIukvszublXBNEWhhqNZJVCP5BmGKen7JIJnRkpjkyVkauWYPKXW//2G4MfvQigdZ2MGOaK2fmlELJiFfLu1YhC21DmiOTF/jArsbGCCVGcQ1XUSB+V74O+twAAAA==[0mquicker
      ‘Jenkinsfile’ exists in this branch
    Met criteria
Scheduled build for branch: quicker

    Checking branch [8mha:AAAAtx+LCAAAAAAAAP9djLENwjAQRY8gqBElYoXEoqEgSkUDUoQQTOA4Jzvg2JZ9RmEN1oCGIRiHHQii4zX/Nf893jAKHuYq1sGaTFgTrMZsc3XodWPOO0u4LO7P4uZeCSRbGGs0klQJw+g1wbQ88QtnmhvJjuQbI/POw+wvt/7tNwY/BglA53qZEOSKyIUVY7IhFav+1TKhbawrRB/Y/pDW2FpGHpEFQqfQiNRxEipdfAAh4fSBwAAAAA==[0mstephenc-patch-1
      ‘Jenkinsfile’ exists in this branch
    Met criteria
Scheduled build for branch: stephenc-patch-1

  3 branches were processed

  Getting remote pull requests...

    Checking pull request [8mha:AAAArR+LCAAAAAAAAP9b85aBtbiIQSajNKU4P08vOT+vOD8nVc+jsiC1KCczL9svvyTVzHb1RttJBUeZGJg8GdhyUvPSSzJ8GJhLi3JKGIR8shLLEvVzEvPS9YNLijLz0q0rihik0IxzhtAgwxgggJGJgaGiAMhgK2HQzSgpKSi20tdPzyzJKE0C6srVT87JL01JSk0tKtYPCNJNSc3N1y8ozcnRNzQAAF71RzKyAAAA[0m#PR-10
      ‘Jenkinsfile’ exists in this pull request
    Met criteria
FATAL: Failed to recompute children of multibranch
[8mha:AAAAWB+LCAAAAAAAAP9b85aBtbiIQSmjNKU4P08vOT+vOD8nVc8DzHWtSE4tKMnMz/PLL0ldFVf2c+b/lb5MDAwVRQxSaBqcITRIIQMEMIIUFgAAckCEiWAAAAA=[0mjava.io.FileNotFoundException: https://api.github.com/repos/cloudbeers/PR-demo/collaborators
	at com.squareup.okhttp.internal.huc.HttpURLConnectionImpl.getInputStream(HttpURLConnectionImpl.java:240)
	at com.squareup.okhttp.internal.huc.DelegatingHttpsURLConnection.getInputStream(DelegatingHttpsURLConnection.java:210)
	at com.squareup.okhttp.internal.huc.HttpsURLConnectionImpl.getInputStream(HttpsURLConnectionImpl.java:25)
	at org.kohsuke.github.Requester.parse(Requester.java:492)
	at org.kohsuke.github.Requester._to(Requester.java:243)
	at org.kohsuke.github.Requester.to(Requester.java:205)
	at org.kohsuke.github.GHRepository.getCollaboratorNames(GHRepository.java:452)
	at org.jenkinsci.plugins.github_branch_source.GitHubSCMSource.trustedReplacement(GitHubSCMSource.java:455)
	at org.jenkinsci.plugins.github_branch_source.GitHubSCMSource.doRetrieve(GitHubSCMSource.java:317)
	at org.jenkinsci.plugins.github_branch_source.GitHubSCMSource.retrieve(GitHubSCMSource.java:256)
	at jenkins.scm.api.SCMSource.fetch(SCMSource.java:146)
	at jenkins.branch.MultiBranchProject.computeChildren(MultiBranchProject.java:294)
	at com.cloudbees.hudson.plugins.folder.computed.ComputedFolder.updateChildren(ComputedFolder.java:157)
	at com.cloudbees.hudson.plugins.folder.computed.FolderComputation.run(FolderComputation.java:122)
	at hudson.model.ResourceController.execute(ResourceController.java:98)
	at hudson.model.Executor.run(Executor.java:410)
Finished: FAILURE
